#! /usr/bin/vvp
:ivl_version "10.3 (stable)";
:ivl_delay_selection "TYPICAL";
:vpi_time_precision - 12;
:vpi_module "system";
:vpi_module "vhdl_sys";
:vpi_module "v2005_math";
:vpi_module "va_math";
S_0x55fbb2eaacc0 .scope module, "test_bench" "test_bench" 2 3;
 .timescale -9 -12;
v0x55fbb2ee3610_0 .var "clk", 0 0;
v0x55fbb2ee36d0_0 .net "count_cars", 3 0, v0x55fbb2ea2050_0;  1 drivers
v0x55fbb2ee3770_0 .net "green_light", 0 0, v0x55fbb2ea9200_0;  1 drivers
v0x55fbb2ee3810_0 .net "hex_1", 6 0, v0x55fbb2ea92a0_0;  1 drivers
v0x55fbb2ee38e0_0 .net "hex_2", 6 0, v0x55fbb2ee2a70_0;  1 drivers
v0x55fbb2ee3980_0 .var "password_1", 1 0;
v0x55fbb2ee3a50_0 .var "password_2", 1 0;
v0x55fbb2ee3b20_0 .net "red_light", 0 0, v0x55fbb2ee2ed0_0;  1 drivers
v0x55fbb2ee3bf0_0 .var "rst", 0 0;
v0x55fbb2ee3cc0_0 .var "sense_entry", 0 0;
v0x55fbb2ee3d90_0 .var "sense_exit", 0 0;
v0x55fbb2ee3e60_0 .net "space_available", 3 0, v0x55fbb2ee31d0_0;  1 drivers
v0x55fbb2ee3f30_0 .net "space_utilized", 3 0, v0x55fbb2ee32b0_0;  1 drivers
S_0x55fbb2eaae40 .scope module, "dut" "car_parking_management" 2 11, 3 3 0, S_0x55fbb2eaacc0;
 .timescale -9 -12;
    .port_info 0 /INPUT 1 "clk"
    .port_info 1 /INPUT 1 "rst"
    .port_info 2 /INPUT 1 "sense_entry"
    .port_info 3 /INPUT 1 "sense_exit"
    .port_info 4 /INPUT 2 "password_1"
    .port_info 5 /INPUT 2 "password_2"
    .port_info 6 /OUTPUT 1 "green_light"
    .port_info 7 /OUTPUT 1 "red_light"
    .port_info 8 /OUTPUT 7 "hex_1"
    .port_info 9 /OUTPUT 7 "hex_2"
    .port_info 10 /OUTPUT 4 "space_available"
    .port_info 11 /OUTPUT 4 "space_utilized"
    .port_info 12 /OUTPUT 4 "count_cars"
P_0x55fbb2eaa480 .param/l "idle" 0 3 16, C4<000>;
P_0x55fbb2eaa4c0 .param/l "password_correct" 0 3 18, C4<010>;
P_0x55fbb2eaa500 .param/l "password_incorrect" 0 3 19, C4<011>;
P_0x55fbb2eaa540 .param/l "stop" 0 3 20, C4<100>;
P_0x55fbb2eaa580 .param/l "wait_time_state" 0 3 17, C4<001>;
v0x55fbb2e90280_0 .net "clk", 0 0, v0x55fbb2ee3610_0;  1 drivers
v0x55fbb2ea2050_0 .var "count_cars", 3 0;
v0x55fbb2ea29f0_0 .var "current_state", 2 0;
v0x55fbb2ea9200_0 .var "green_light", 0 0;
v0x55fbb2ea92a0_0 .var "hex_1", 6 0;
v0x55fbb2ee2a70_0 .var "hex_2", 6 0;
v0x55fbb2ee2b50_0 .var "next_state", 2 0;
v0x55fbb2ee2c30_0 .var "overall_space", 3 0;
v0x55fbb2ee2d10_0 .net "password_1", 1 0, v0x55fbb2ee3980_0;  1 drivers
v0x55fbb2ee2df0_0 .net "password_2", 1 0, v0x55fbb2ee3a50_0;  1 drivers
v0x55fbb2ee2ed0_0 .var "red_light", 0 0;
v0x55fbb2ee2f90_0 .net "rst", 0 0, v0x55fbb2ee3bf0_0;  1 drivers
v0x55fbb2ee3050_0 .net "sense_entry", 0 0, v0x55fbb2ee3cc0_0;  1 drivers
v0x55fbb2ee3110_0 .net "sense_exit", 0 0, v0x55fbb2ee3d90_0;  1 drivers
v0x55fbb2ee31d0_0 .var "space_available", 3 0;
v0x55fbb2ee32b0_0 .var "space_utilized", 3 0;
v0x55fbb2ee3390_0 .var "wait_time", 1 0;
E_0x55fbb2e7b8d0 .event posedge, v0x55fbb2e90280_0;
E_0x55fbb2e7bae0/0 .event edge, v0x55fbb2ea29f0_0, v0x55fbb2ee3050_0, v0x55fbb2ee31d0_0, v0x55fbb2ee3390_0;
E_0x55fbb2e7bae0/1 .event edge, v0x55fbb2ee2d10_0, v0x55fbb2ee2df0_0, v0x55fbb2ee3110_0;
E_0x55fbb2e7bae0 .event/or E_0x55fbb2e7bae0/0, E_0x55fbb2e7bae0/1;
    .scope S_0x55fbb2eaae40;
T_0 ;
    %pushi/vec4 8, 0, 4;
    %store/vec4 v0x55fbb2ee2c30_0, 0, 4;
    %end;
    .thread T_0;
    .scope S_0x55fbb2eaae40;
T_1 ;
    %wait E_0x55fbb2e7b8d0;
    %load/vec4 v0x55fbb2ee2f90_0;
    %pad/u 32;
    %cmpi/e 1, 0, 32;
    %jmp/0xz  T_1.0, 4;
    %pushi/vec4 0, 0, 3;
    %assign/vec4 v0x55fbb2ea29f0_0, 0;
    %jmp T_1.1;
T_1.0 ;
    %load/vec4 v0x55fbb2ee2b50_0;
    %assign/vec4 v0x55fbb2ea29f0_0, 0;
T_1.1 ;
    %jmp T_1;
    .thread T_1;
    .scope S_0x55fbb2eaae40;
T_2 ;
    %wait E_0x55fbb2e7b8d0;
    %load/vec4 v0x55fbb2ee2f90_0;
    %pad/u 32;
    %cmpi/e 1, 0, 32;
    %jmp/0xz  T_2.0, 4;
    %load/vec4 v0x55fbb2ee2c30_0;
    %assign/vec4 v0x55fbb2ee31d0_0, 0;
    %pushi/vec4 0, 0, 4;
    %assign/vec4 v0x55fbb2ee32b0_0, 0;
    %pushi/vec4 0, 0, 4;
    %assign/vec4 v0x55fbb2ea2050_0, 0;
    %jmp T_2.1;
T_2.0 ;
    %load/vec4 v0x55fbb2ee3050_0;
    %pad/u 32;
    %pushi/vec4 1, 0, 32;
    %cmp/e;
    %flag_get/vec4 4;
    %pushi/vec4 0, 0, 32;
    %load/vec4 v0x55fbb2ee31d0_0;
    %pad/u 32;
    %cmp/u;
    %flag_get/vec4 5;
    %and;
    %flag_set/vec4 8;
    %jmp/0xz  T_2.2, 8;
    %load/vec4 v0x55fbb2ee31d0_0;
    %subi 1, 0, 4;
    %assign/vec4 v0x55fbb2ee31d0_0, 0;
    %load/vec4 v0x55fbb2ee32b0_0;
    %addi 1, 0, 4;
    %assign/vec4 v0x55fbb2ee32b0_0, 0;
    %load/vec4 v0x55fbb2ea2050_0;
    %addi 1, 0, 4;
    %assign/vec4 v0x55fbb2ea2050_0, 0;
    %jmp T_2.3;
T_2.2 ;
    %load/vec4 v0x55fbb2ee3110_0;
    %pad/u 32;
    %pushi/vec4 1, 0, 32;
    %cmp/e;
    %flag_get/vec4 4;
    %pushi/vec4 0, 0, 32;
    %load/vec4 v0x55fbb2ee32b0_0;
    %pad/u 32;
    %cmp/u;
    %flag_get/vec4 5;
    %and;
    %flag_set/vec4 8;
    %jmp/0xz  T_2.4, 8;
    %load/vec4 v0x55fbb2ee31d0_0;
    %addi 1, 0, 4;
    %assign/vec4 v0x55fbb2ee31d0_0, 0;
    %load/vec4 v0x55fbb2ee32b0_0;
    %subi 1, 0, 4;
    %assign/vec4 v0x55fbb2ee32b0_0, 0;
    %load/vec4 v0x55fbb2ea2050_0;
    %subi 1, 0, 4;
    %assign/vec4 v0x55fbb2ea2050_0, 0;
    %jmp T_2.5;
T_2.4 ;
    %load/vec4 v0x55fbb2ee2c30_0;
    %assign/vec4 v0x55fbb2ee31d0_0, 0;
    %pushi/vec4 0, 0, 4;
    %assign/vec4 v0x55fbb2ee32b0_0, 0;
    %pushi/vec4 0, 0, 4;
    %assign/vec4 v0x55fbb2ea2050_0, 0;
T_2.5 ;
T_2.3 ;
T_2.1 ;
    %jmp T_2;
    .thread T_2;
    .scope S_0x55fbb2eaae40;
T_3 ;
    %wait E_0x55fbb2e7b8d0;
    %load/vec4 v0x55fbb2ee2f90_0;
    %pad/u 32;
    %cmpi/e 1, 0, 32;
    %jmp/0xz  T_3.0, 4;
    %pushi/vec4 0, 0, 2;
    %assign/vec4 v0x55fbb2ee3390_0, 0;
    %jmp T_3.1;
T_3.0 ;
    %load/vec4 v0x55fbb2ea29f0_0;
    %cmpi/e 1, 0, 3;
    %jmp/0xz  T_3.2, 4;
    %load/vec4 v0x55fbb2ee3390_0;
    %addi 1, 0, 2;
    %assign/vec4 v0x55fbb2ee3390_0, 0;
    %jmp T_3.3;
T_3.2 ;
    %pushi/vec4 0, 0, 2;
    %assign/vec4 v0x55fbb2ee3390_0, 0;
T_3.3 ;
T_3.1 ;
    %jmp T_3;
    .thread T_3;
    .scope S_0x55fbb2eaae40;
T_4 ;
    %wait E_0x55fbb2e7bae0;
    %load/vec4 v0x55fbb2ea29f0_0;
    %dup/vec4;
    %pushi/vec4 0, 0, 3;
    %cmp/u;
    %jmp/1 T_4.0, 6;
    %dup/vec4;
    %pushi/vec4 1, 0, 3;
    %cmp/u;
    %jmp/1 T_4.1, 6;
    %dup/vec4;
    %pushi/vec4 2, 0, 3;
    %cmp/u;
    %jmp/1 T_4.2, 6;
    %dup/vec4;
    %pushi/vec4 3, 0, 3;
    %cmp/u;
    %jmp/1 T_4.3, 6;
    %dup/vec4;
    %pushi/vec4 4, 0, 3;
    %cmp/u;
    %jmp/1 T_4.4, 6;
    %pushi/vec4 0, 0, 3;
    %assign/vec4 v0x55fbb2ee2b50_0, 0;
    %jmp T_4.6;
T_4.0 ;
    %load/vec4 v0x55fbb2ee3050_0;
    %pad/u 32;
    %pushi/vec4 1, 0, 32;
    %cmp/e;
    %flag_get/vec4 4;
    %pushi/vec4 0, 0, 32;
    %load/vec4 v0x55fbb2ee31d0_0;
    %pad/u 32;
    %cmp/u;
    %flag_get/vec4 5;
    %and;
    %flag_set/vec4 8;
    %jmp/0xz  T_4.7, 8;
    %pushi/vec4 1, 0, 3;
    %assign/vec4 v0x55fbb2ee2b50_0, 0;
    %jmp T_4.8;
T_4.7 ;
    %pushi/vec4 0, 0, 3;
    %assign/vec4 v0x55fbb2ee2b50_0, 0;
T_4.8 ;
    %jmp T_4.6;
T_4.1 ;
    %load/vec4 v0x55fbb2ee3390_0;
    %pad/u 3;
    %cmpi/u 3, 0, 3;
    %flag_or 5, 4;
    %jmp/0xz  T_4.9, 5;
    %pushi/vec4 1, 0, 3;
    %assign/vec4 v0x55fbb2ee2b50_0, 0;
    %jmp T_4.10;
T_4.9 ;
    %load/vec4 v0x55fbb2ee2d10_0;
    %pushi/vec4 1, 0, 2;
    %cmp/e;
    %flag_get/vec4 4;
    %load/vec4 v0x55fbb2ee2df0_0;
    %pushi/vec4 1, 0, 2;
    %cmp/e;
    %flag_get/vec4 4;
    %and;
    %flag_set/vec4 8;
    %jmp/0xz  T_4.11, 8;
    %pushi/vec4 2, 0, 3;
    %assign/vec4 v0x55fbb2ee2b50_0, 0;
    %jmp T_4.12;
T_4.11 ;
    %pushi/vec4 3, 0, 3;
    %assign/vec4 v0x55fbb2ee2b50_0, 0;
T_4.12 ;
T_4.10 ;
    %jmp T_4.6;
T_4.2 ;
    %load/vec4 v0x55fbb2ee3050_0;
    %pad/u 32;
    %pushi/vec4 1, 0, 32;
    %cmp/e;
    %flag_get/vec4 4;
    %load/vec4 v0x55fbb2ee3110_0;
    %pad/u 32;
    %pushi/vec4 1, 0, 32;
    %cmp/e;
    %flag_get/vec4 4;
    %and;
    %flag_set/vec4 8;
    %jmp/0xz  T_4.13, 8;
    %pushi/vec4 4, 0, 3;
    %assign/vec4 v0x55fbb2ee2b50_0, 0;
    %jmp T_4.14;
T_4.13 ;
    %load/vec4 v0x55fbb2ee3110_0;
    %pad/u 32;
    %cmpi/e 1, 0, 32;
    %jmp/0xz  T_4.15, 4;
    %pushi/vec4 0, 0, 3;
    %assign/vec4 v0x55fbb2ee2b50_0, 0;
    %jmp T_4.16;
T_4.15 ;
    %pushi/vec4 2, 0, 3;
    %assign/vec4 v0x55fbb2ee2b50_0, 0;
T_4.16 ;
T_4.14 ;
    %jmp T_4.6;
T_4.3 ;
    %load/vec4 v0x55fbb2ee2d10_0;
    %pushi/vec4 1, 0, 2;
    %cmp/e;
    %flag_get/vec4 4;
    %load/vec4 v0x55fbb2ee2df0_0;
    %pushi/vec4 1, 0, 2;
    %cmp/e;
    %flag_get/vec4 4;
    %and;
    %flag_set/vec4 8;
    %jmp/0xz  T_4.17, 8;
    %pushi/vec4 2, 0, 3;
    %assign/vec4 v0x55fbb2ee2b50_0, 0;
    %jmp T_4.18;
T_4.17 ;
    %pushi/vec4 3, 0, 3;
    %assign/vec4 v0x55fbb2ee2b50_0, 0;
T_4.18 ;
    %jmp T_4.6;
T_4.4 ;
    %load/vec4 v0x55fbb2ee2d10_0;
    %pushi/vec4 1, 0, 2;
    %cmp/e;
    %flag_get/vec4 4;
    %load/vec4 v0x55fbb2ee2df0_0;
    %pushi/vec4 1, 0, 2;
    %cmp/e;
    %flag_get/vec4 4;
    %and;
    %flag_set/vec4 8;
    %jmp/0xz  T_4.19, 8;
    %pushi/vec4 2, 0, 3;
    %assign/vec4 v0x55fbb2ee2b50_0, 0;
    %jmp T_4.20;
T_4.19 ;
    %pushi/vec4 4, 0, 3;
    %assign/vec4 v0x55fbb2ee2b50_0, 0;
T_4.20 ;
    %jmp T_4.6;
T_4.6 ;
    %pop/vec4 1;
    %jmp T_4;
    .thread T_4, $push;
    .scope S_0x55fbb2eaae40;
T_5 ;
    %wait E_0x55fbb2e7b8d0;
    %load/vec4 v0x55fbb2ea29f0_0;
    %dup/vec4;
    %pushi/vec4 0, 0, 3;
    %cmp/u;
    %jmp/1 T_5.0, 6;
    %dup/vec4;
    %pushi/vec4 1, 0, 3;
    %cmp/u;
    %jmp/1 T_5.1, 6;
    %dup/vec4;
    %pushi/vec4 2, 0, 3;
    %cmp/u;
    %jmp/1 T_5.2, 6;
    %dup/vec4;
    %pushi/vec4 3, 0, 3;
    %cmp/u;
    %jmp/1 T_5.3, 6;
    %dup/vec4;
    %pushi/vec4 4, 0, 3;
    %cmp/u;
    %jmp/1 T_5.4, 6;
    %jmp T_5.5;
T_5.0 ;
    %pushi/vec4 0, 0, 1;
    %assign/vec4 v0x55fbb2ea9200_0, 0;
    %pushi/vec4 0, 0, 1;
    %assign/vec4 v0x55fbb2ee2ed0_0, 0;
    %pushi/vec4 0, 0, 7;
    %assign/vec4 v0x55fbb2ea92a0_0, 0;
    %pushi/vec4 0, 0, 7;
    %assign/vec4 v0x55fbb2ee2a70_0, 0;
    %jmp T_5.5;
T_5.1 ;
    %load/vec4 v0x55fbb2ea9200_0;
    %inv;
    %assign/vec4 v0x55fbb2ea9200_0, 0;
    %pushi/vec4 0, 0, 1;
    %assign/vec4 v0x55fbb2ee2ed0_0, 0;
    %pushi/vec4 121, 0, 7;
    %assign/vec4 v0x55fbb2ea92a0_0, 0;
    %pushi/vec4 55, 0, 7;
    %assign/vec4 v0x55fbb2ee2a70_0, 0;
    %jmp T_5.5;
T_5.2 ;
    %pushi/vec4 1, 0, 1;
    %assign/vec4 v0x55fbb2ea9200_0, 0;
    %pushi/vec4 0, 0, 1;
    %assign/vec4 v0x55fbb2ee2ed0_0, 0;
    %pushi/vec4 121, 0, 7;
    %assign/vec4 v0x55fbb2ea92a0_0, 0;
    %pushi/vec4 0, 0, 7;
    %assign/vec4 v0x55fbb2ee2a70_0, 0;
    %jmp T_5.5;
T_5.3 ;
    %pushi/vec4 0, 0, 1;
    %assign/vec4 v0x55fbb2ea9200_0, 0;
    %pushi/vec4 1, 0, 1;
    %assign/vec4 v0x55fbb2ee2ed0_0, 0;
    %pushi/vec4 121, 0, 7;
    %assign/vec4 v0x55fbb2ea92a0_0, 0;
    %pushi/vec4 121, 0, 7;
    %assign/vec4 v0x55fbb2ee2a70_0, 0;
    %jmp T_5.5;
T_5.4 ;
    %pushi/vec4 0, 0, 1;
    %assign/vec4 v0x55fbb2ea9200_0, 0;
    %load/vec4 v0x55fbb2ee2ed0_0;
    %inv;
    %assign/vec4 v0x55fbb2ee2ed0_0, 0;
    %pushi/vec4 109, 0, 7;
    %assign/vec4 v0x55fbb2ea92a0_0, 0;
    %pushi/vec4 115, 0, 7;
    %assign/vec4 v0x55fbb2ee2a70_0, 0;
    %jmp T_5.5;
T_5.5 ;
    %pop/vec4 1;
    %jmp T_5;
    .thread T_5;
    .scope S_0x55fbb2eaacc0;
T_6 ;
    %pushi/vec4 1, 0, 1;
    %store/vec4 v0x55fbb2ee3610_0, 0, 1;
T_6.0 ;
    %delay 5000, 0;
    %load/vec4 v0x55fbb2ee3610_0;
    %inv;
    %store/vec4 v0x55fbb2ee3610_0, 0, 1;
    %jmp T_6.0;
    %end;
    .thread T_6;
    .scope S_0x55fbb2eaacc0;
T_7 ;
    %pushi/vec4 1, 0, 1;
    %store/vec4 v0x55fbb2ee3bf0_0, 0, 1;
    %pushi/vec4 0, 0, 1;
    %store/vec4 v0x55fbb2ee3cc0_0, 0, 1;
    %pushi/vec4 0, 0, 1;
    %store/vec4 v0x55fbb2ee3d90_0, 0, 1;
    %pushi/vec4 0, 0, 2;
    %store/vec4 v0x55fbb2ee3980_0, 0, 2;
    %pushi/vec4 0, 0, 2;
    %store/vec4 v0x55fbb2ee3a50_0, 0, 2;
    %delay 10000, 0;
    %pushi/vec4 0, 0, 1;
    %store/vec4 v0x55fbb2ee3bf0_0, 0, 1;
    %pushi/vec4 1, 0, 1;
    %store/vec4 v0x55fbb2ee3cc0_0, 0, 1;
    %pushi/vec4 0, 0, 1;
    %store/vec4 v0x55fbb2ee3d90_0, 0, 1;
    %pushi/vec4 1, 0, 2;
    %store/vec4 v0x55fbb2ee3980_0, 0, 2;
    %pushi/vec4 1, 0, 2;
    %store/vec4 v0x55fbb2ee3a50_0, 0, 2;
    %delay 80000, 0;
    %pushi/vec4 1, 0, 1;
    %store/vec4 v0x55fbb2ee3d90_0, 0, 1;
    %pushi/vec4 0, 0, 1;
    %store/vec4 v0x55fbb2ee3cc0_0, 0, 1;
    %end;
    .thread T_7;
    .scope S_0x55fbb2eaacc0;
T_8 ;
    %vpi_call 2 35 "$monitor", "time=%g, clk=%b, rst=%b, sense_entry=%b, sense_exit=%b, password_1=%b, password_2=%b,\012green_light=%b, red_light=%b, hex_1=%b, hex_2=%b, space_available=%d, space_utilized=%d, count_cars=%d", $time, v0x55fbb2ee3610_0, v0x55fbb2ee3bf0_0, v0x55fbb2ee3cc0_0, v0x55fbb2ee3d90_0, v0x55fbb2ee3980_0, v0x55fbb2ee3a50_0, v0x55fbb2ee3770_0, v0x55fbb2ee3b20_0, v0x55fbb2ee3810_0, v0x55fbb2ee38e0_0, v0x55fbb2ee3e60_0, v0x55fbb2ee3f30_0, v0x55fbb2ee36d0_0 {0 0 0};
    %delay 150000, 0;
    %vpi_call 2 36 "$finish" {0 0 0};
    %end;
    .thread T_8;
    .scope S_0x55fbb2eaacc0;
T_9 ;
    %vpi_call 2 39 "$dumpfile", "car_parm.vcd" {0 0 0};
    %vpi_call 2 40 "$dumpvars", 32'sb00000000000000000000000000000000 {0 0 0};
    %end;
    .thread T_9;
# The file index is used to find the file name in the following table.
:file_names 4;
    "N/A";
    "<interactive>";
    "tb_car_parm.v";
    "car_parm.v";
